{"/home/minaevas/projects/test-realstate-app/src/components/FormikFields.tsx": {"path":"/home/minaevas/projects/test-realstate-app/src/components/FormikFields.tsx","statementMap":{"0":{"start":{"line":21,"column":55},"end":{"line":38,"column":1}},"1":{"start":{"line":22,"column":24},"end":{"line":22,"column":38}},"2":{"start":{"line":24,"column":2},"end":{"line":37,"column":4}},"3":{"start":{"line":45,"column":61},"end":{"line":60,"column":1}},"4":{"start":{"line":46,"column":33},"end":{"line":46,"column":69}},"5":{"start":{"line":48,"column":2},"end":{"line":59,"column":4}},"6":{"start":{"line":52,"column":25},"end":{"line":52,"column":59}},"7":{"start":{"line":73,"column":65},"end":{"line":94,"column":1}},"8":{"start":{"line":74,"column":33},"end":{"line":74,"column":47}},"9":{"start":{"line":76,"column":2},"end":{"line":93,"column":4}},"10":{"start":{"line":81,"column":35},"end":{"line":81,"column":56}},"11":{"start":{"line":85,"column":12},"end":{"line":87,"column":20}}},"fnMap":{"0":{"name":"(anonymous_0)","decl":{"start":{"line":21,"column":55},"end":{"line":21,"column":56}},"loc":{"start":{"line":21,"column":102},"end":{"line":38,"column":1}},"line":21},"1":{"name":"(anonymous_1)","decl":{"start":{"line":45,"column":61},"end":{"line":45,"column":62}},"loc":{"start":{"line":45,"column":82},"end":{"line":60,"column":1}},"line":45},"2":{"name":"(anonymous_2)","decl":{"start":{"line":52,"column":18},"end":{"line":52,"column":19}},"loc":{"start":{"line":52,"column":25},"end":{"line":52,"column":59}},"line":52},"3":{"name":"(anonymous_3)","decl":{"start":{"line":73,"column":65},"end":{"line":73,"column":66}},"loc":{"start":{"line":73,"column":95},"end":{"line":94,"column":1}},"line":73},"4":{"name":"(anonymous_4)","decl":{"start":{"line":81,"column":18},"end":{"line":81,"column":19}},"loc":{"start":{"line":81,"column":35},"end":{"line":81,"column":56}},"line":81},"5":{"name":"(anonymous_5)","decl":{"start":{"line":84,"column":23},"end":{"line":84,"column":24}},"loc":{"start":{"line":85,"column":12},"end":{"line":87,"column":20}},"line":85}},"branchMap":{"0":{"loc":{"start":{"line":21,"column":71},"end":{"line":21,"column":82}},"type":"default-arg","locations":[{"start":{"line":21,"column":76},"end":{"line":21,"column":82}}],"line":21},"1":{"loc":{"start":{"line":25,"column":35},"end":{"line":25,"column":63}},"type":"binary-expr","locations":[{"start":{"line":25,"column":35},"end":{"line":25,"column":47}},{"start":{"line":25,"column":51},"end":{"line":25,"column":63}}],"line":25},"2":{"loc":{"start":{"line":26,"column":7},"end":{"line":26,"column":61}},"type":"binary-expr","locations":[{"start":{"line":26,"column":7},"end":{"line":26,"column":12}},{"start":{"line":26,"column":16},"end":{"line":26,"column":61}}],"line":26},"3":{"loc":{"start":{"line":49,"column":35},"end":{"line":49,"column":63}},"type":"binary-expr","locations":[{"start":{"line":49,"column":35},"end":{"line":49,"column":47}},{"start":{"line":49,"column":51},"end":{"line":49,"column":63}}],"line":49},"4":{"loc":{"start":{"line":77,"column":35},"end":{"line":77,"column":63}},"type":"binary-expr","locations":[{"start":{"line":77,"column":35},"end":{"line":77,"column":47}},{"start":{"line":77,"column":51},"end":{"line":77,"column":63}}],"line":77},"5":{"loc":{"start":{"line":78,"column":7},"end":{"line":78,"column":46}},"type":"binary-expr","locations":[{"start":{"line":78,"column":7},"end":{"line":78,"column":12}},{"start":{"line":78,"column":16},"end":{"line":78,"column":46}}],"line":78},"6":{"loc":{"start":{"line":80,"column":15},"end":{"line":80,"column":32}},"type":"binary-expr","locations":[{"start":{"line":80,"column":15},"end":{"line":80,"column":26}},{"start":{"line":80,"column":30},"end":{"line":80,"column":32}}],"line":80}},"s":{"0":2,"1":0,"2":0,"3":2,"4":5,"5":5,"6":2,"7":2,"8":7,"9":7,"10":2,"11":14},"f":{"0":0,"1":5,"2":2,"3":7,"4":2,"5":14},"b":{"0":[0],"1":[0,0],"2":[0,0],"3":[5,0],"4":[7,1],"5":[7,7],"6":[7,5]},"_coverageSchema":"1a1c01bbd47fc00a2c39e90264f33305004495a9","hash":"ea3535bd899c68cc38558239fbaa095b5c2a78f0"}
,"/home/minaevas/projects/test-realstate-app/src/styles/theme.ts": {"path":"/home/minaevas/projects/test-realstate-app/src/styles/theme.ts","statementMap":{"0":{"start":{"line":3,"column":15},"end":{"line":17,"column":1}},"1":{"start":{"line":19,"column":28},"end":{"line":22,"column":1}},"2":{"start":{"line":24,"column":15},"end":{"line":31,"column":1}},"3":{"start":{"line":25,"column":27},"end":{"line":30,"column":3}},"4":{"start":{"line":33,"column":19},"end":{"line":99,"column":1}},"5":{"start":{"line":36,"column":29},"end":{"line":42,"column":7}},"6":{"start":{"line":47,"column":31},"end":{"line":58,"column":7}},"7":{"start":{"line":62,"column":32},"end":{"line":73,"column":5}},"8":{"start":{"line":76,"column":32},"end":{"line":87,"column":5}},"9":{"start":{"line":90,"column":32},"end":{"line":92,"column":5}},"10":{"start":{"line":95,"column":32},"end":{"line":97,"column":5}},"11":{"start":{"line":101,"column":14},"end":{"line":106,"column":2}}},"fnMap":{"0":{"name":"(anonymous_0)","decl":{"start":{"line":25,"column":10},"end":{"line":25,"column":11}},"loc":{"start":{"line":25,"column":27},"end":{"line":30,"column":3}},"line":25},"1":{"name":"(anonymous_1)","decl":{"start":{"line":36,"column":12},"end":{"line":36,"column":13}},"loc":{"start":{"line":36,"column":29},"end":{"line":42,"column":7}},"line":36},"2":{"name":"(anonymous_2)","decl":{"start":{"line":47,"column":14},"end":{"line":47,"column":15}},"loc":{"start":{"line":47,"column":31},"end":{"line":58,"column":7}},"line":47},"3":{"name":"(anonymous_3)","decl":{"start":{"line":62,"column":15},"end":{"line":62,"column":16}},"loc":{"start":{"line":62,"column":32},"end":{"line":73,"column":5}},"line":62},"4":{"name":"(anonymous_4)","decl":{"start":{"line":76,"column":15},"end":{"line":76,"column":16}},"loc":{"start":{"line":76,"column":32},"end":{"line":87,"column":5}},"line":76},"5":{"name":"(anonymous_5)","decl":{"start":{"line":90,"column":15},"end":{"line":90,"column":16}},"loc":{"start":{"line":90,"column":32},"end":{"line":92,"column":5}},"line":90},"6":{"name":"(anonymous_6)","decl":{"start":{"line":95,"column":15},"end":{"line":95,"column":16}},"loc":{"start":{"line":95,"column":32},"end":{"line":97,"column":5}},"line":95}},"branchMap":{},"s":{"0":2,"1":2,"2":2,"3":4,"4":2,"5":0,"6":0,"7":17,"8":22,"9":0,"10":8,"11":2},"f":{"0":4,"1":0,"2":0,"3":17,"4":22,"5":0,"6":8},"b":{},"_coverageSchema":"1a1c01bbd47fc00a2c39e90264f33305004495a9","hash":"4ea488ae25bcfaa16ef9219b5dc62e238e03f3ce"}
}
