TN:
SF:src/components/FormikFields.tsx
FN:21,(anonymous_0)
FN:45,(anonymous_1)
FN:52,(anonymous_2)
FN:73,(anonymous_3)
FN:81,(anonymous_4)
FN:84,(anonymous_5)
FNF:6
FNH:5
FNDA:0,(anonymous_0)
FNDA:5,(anonymous_1)
FNDA:2,(anonymous_2)
FNDA:7,(anonymous_3)
FNDA:2,(anonymous_4)
FNDA:14,(anonymous_5)
DA:21,2
DA:22,0
DA:24,0
DA:45,2
DA:46,5
DA:48,5
DA:52,2
DA:73,2
DA:74,7
DA:76,7
DA:81,2
DA:85,14
LF:12
LH:10
BRDA:21,0,0,0
BRDA:25,1,0,0
BRDA:25,1,1,0
BRDA:26,2,0,0
BRDA:26,2,1,0
BRDA:49,3,0,5
BRDA:49,3,1,0
BRDA:77,4,0,7
BRDA:77,4,1,1
BRDA:78,5,0,7
BRDA:78,5,1,7
BRDA:80,6,0,7
BRDA:80,6,1,5
BRF:13
BRH:7
end_of_record
TN:
SF:src/styles/theme.ts
FN:25,(anonymous_0)
FN:36,(anonymous_1)
FN:47,(anonymous_2)
FN:62,(anonymous_3)
FN:76,(anonymous_4)
FN:90,(anonymous_5)
FN:95,(anonymous_6)
FNF:7
FNH:4
FNDA:4,(anonymous_0)
FNDA:0,(anonymous_1)
FNDA:0,(anonymous_2)
FNDA:17,(anonymous_3)
FNDA:22,(anonymous_4)
FNDA:0,(anonymous_5)
FNDA:8,(anonymous_6)
DA:3,2
DA:19,2
DA:24,2
DA:25,4
DA:33,2
DA:36,0
DA:47,0
DA:62,17
DA:76,22
DA:90,0
DA:95,8
DA:101,2
LF:12
LH:9
BRF:0
BRH:0
end_of_record
